Set binary mode
readWord(addr=0)=0x20001000
readWord(addr=0xe000ed00)=0x412fc230
readWord(addr=0x400e0740)=0
readWord(addr=0x400e0940)=0x285e0a60
version()=v1.1 Dec 15 2010 19:25:04
chipId=0x285e0a60
Connected at 921600 baud
readWord(addr=0)=0x20001000
readWord(addr=0xe000ed00)=0x412fc230
readWord(addr=0x400e0740)=0
readWord(addr=0x400e0940)=0x285e0a60
Atmel SMART device 0x285e0a60 found
write(addr=0x20001000,size=0x34)
writeWord(addr=0x20001030,value=0x40)
writeWord(addr=0x20001020,value=0x20010000)
writeWord(addr=0x400e0a00,value=0x600)
writeWord(addr=0x400e0c00,value=0x600)
Device       : ATSAM3X8
readWord(addr=0)=0x20001000
readWord(addr=0xe000ed00)=0x412fc230
readWord(addr=0x400e0740)=0
readWord(addr=0x400e0940)=0x285e0a60
Chip ID      : 285e0a60
version()=v1.1 Dec 15 2010 19:25:04
Version      : v1.1 Dec 15 2010 19:25:04
Address      : 524288
Pages        : 2048
Page Size    : 256 bytes
Total Size   : 512KB
Planes       : 2
Lock Regions : 32
Locked       : readWord(addr=0x400e0a08)=0x1
readWord(addr=0x400e0c08)=0x1
writeWord(addr=0x400e0a04,value=0x5a00000a)
readWord(addr=0x400e0a08)=0x1
readWord(addr=0x400e0c08)=0x1
readWord(addr=0x400e0a0c)=0
readWord(addr=0x400e0a08)=0x1
readWord(addr=0x400e0c08)=0x1
writeWord(addr=0x400e0a04,value=0x5a00000a)
readWord(addr=0x400e0a08)=0x1
readWord(addr=0x400e0c08)=0x1
readWord(addr=0x400e0a0c)=0
readWord(addr=0x400e0a08)=0x1
readWord(addr=0x400e0c08)=0x1
writeWord(addr=0x400e0a04,value=0x5a00000a)
readWord(addr=0x400e0a08)=0x1
readWord(addr=0x400e0c08)=0x1
readWord(addr=0x400e0a0c)=0
readWord(addr=0x400e0a08)=0x1
readWord(addr=0x400e0c08)=0x1
writeWord(addr=0x400e0a04,value=0x5a00000a)
readWord(addr=0x400e0a08)=0x1
readWord(addr=0x400e0c08)=0x1
readWord(addr=0x400e0a0c)=0
readWord(addr=0x400e0a08)=0x1
readWord(addr=0x400e0c08)=0x1
writeWord(addr=0x400e0a04,value=0x5a00000a)
readWord(addr=0x400e0a08)=0x1
readWord(addr=0x400e0c08)=0x1
readWord(addr=0x400e0a0c)=0
readWord(addr=0x400e0a08)=0x1
readWord(addr=0x400e0c08)=0x1
writeWord(addr=0x400e0a04,value=0x5a00000a)
readWord(addr=0x400e0a08)=0x1
readWord(addr=0x400e0c08)=0x1
readWord(addr=0x400e0a0c)=0
readWord(addr=0x400e0a08)=0x1
readWord(addr=0x400e0c08)=0x1
writeWord(addr=0x400e0a04,value=0x5a00000a)
readWord(addr=0x400e0a08)=0x1
readWord(addr=0x400e0c08)=0x1
readWord(addr=0x400e0a0c)=0
readWord(addr=0x400e0a08)=0x1
readWord(addr=0x400e0c08)=0x1
writeWord(addr=0x400e0a04,value=0x5a00000a)
readWord(addr=0x400e0a08)=0x1
readWord(addr=0x400e0c08)=0x1
readWord(addr=0x400e0a0c)=0
readWord(addr=0x400e0a08)=0x1
readWord(addr=0x400e0c08)=0x1
writeWord(addr=0x400e0a04,value=0x5a00000a)
readWord(addr=0x400e0a08)=0x1
readWord(addr=0x400e0c08)=0x1
readWord(addr=0x400e0a0c)=0
readWord(addr=0x400e0a08)=0x1
readWord(addr=0x400e0c08)=0x1
writeWord(addr=0x400e0a04,value=0x5a00000a)
readWord(addr=0x400e0a08)=0x1
readWord(addr=0x400e0c08)=0x1
readWord(addr=0x400e0a0c)=0
readWord(addr=0x400e0a08)=0x1
readWord(addr=0x400e0c08)=0x1
writeWord(addr=0x400e0a04,value=0x5a00000a)
readWord(addr=0x400e0a08)=0x1
readWord(addr=0x400e0c08)=0x1
readWord(addr=0x400e0a0c)=0
readWord(addr=0x400e0a08)=0x1
readWord(addr=0x400e0c08)=0x1
writeWord(addr=0x400e0a04,value=0x5a00000a)
readWord(addr=0x400e0a08)=0x1
readWord(addr=0x400e0c08)=0x1
readWord(addr=0x400e0a0c)=0
readWord(addr=0x400e0a08)=0x1
readWord(addr=0x400e0c08)=0x1
writeWord(addr=0x400e0a04,value=0x5a00000a)
readWord(addr=0x400e0a08)=0x1
readWord(addr=0x400e0c08)=0x1
readWord(addr=0x400e0a0c)=0
readWord(addr=0x400e0a08)=0x1
readWord(addr=0x400e0c08)=0x1
writeWord(addr=0x400e0a04,value=0x5a00000a)
readWord(addr=0x400e0a08)=0x1
readWord(addr=0x400e0c08)=0x1
readWord(addr=0x400e0a0c)=0
readWord(addr=0x400e0a08)=0x1
readWord(addr=0x400e0c08)=0x1
writeWord(addr=0x400e0a04,value=0x5a00000a)
readWord(addr=0x400e0a08)=0x1
readWord(addr=0x400e0c08)=0x1
readWord(addr=0x400e0a0c)=0
readWord(addr=0x400e0a08)=0x1
readWord(addr=0x400e0c08)=0x1
writeWord(addr=0x400e0a04,value=0x5a00000a)
readWord(addr=0x400e0a08)=0x1
readWord(addr=0x400e0c08)=0x1
readWord(addr=0x400e0a0c)=0
readWord(addr=0x400e0a08)=0x1
readWord(addr=0x400e0c08)=0x1
writeWord(addr=0x400e0c04,value=0x5a00000a)
readWord(addr=0x400e0a08)=0x1
readWord(addr=0x400e0c08)=0x1
readWord(addr=0x400e0c0c)=0
readWord(addr=0x400e0a08)=0x1
readWord(addr=0x400e0c08)=0x1
writeWord(addr=0x400e0c04,value=0x5a00000a)
readWord(addr=0x400e0a08)=0x1
readWord(addr=0x400e0c08)=0x1
readWord(addr=0x400e0c0c)=0
readWord(addr=0x400e0a08)=0x1
readWord(addr=0x400e0c08)=0x1
writeWord(addr=0x400e0c04,value=0x5a00000a)
readWord(addr=0x400e0a08)=0x1
readWord(addr=0x400e0c08)=0x1
readWord(addr=0x400e0c0c)=0
readWord(addr=0x400e0a08)=0x1
readWord(addr=0x400e0c08)=0x1
writeWord(addr=0x400e0c04,value=0x5a00000a)
readWord(addr=0x400e0a08)=0x1
readWord(addr=0x400e0c08)=0x1
readWord(addr=0x400e0c0c)=0
readWord(addr=0x400e0a08)=0x1
readWord(addr=0x400e0c08)=0x1
writeWord(addr=0x400e0c04,value=0x5a00000a)
readWord(addr=0x400e0a08)=0x1
readWord(addr=0x400e0c08)=0x1
readWord(addr=0x400e0c0c)=0
readWord(addr=0x400e0a08)=0x1
readWord(addr=0x400e0c08)=0x1
writeWord(addr=0x400e0c04,value=0x5a00000a)
readWord(addr=0x400e0a08)=0x1
readWord(addr=0x400e0c08)=0x1
readWord(addr=0x400e0c0c)=0
readWord(addr=0x400e0a08)=0x1
readWord(addr=0x400e0c08)=0x1
writeWord(addr=0x400e0c04,value=0x5a00000a)
readWord(addr=0x400e0a08)=0x1
readWord(addr=0x400e0c08)=0x1
readWord(addr=0x400e0c0c)=0
readWord(addr=0x400e0a08)=0x1
readWord(addr=0x400e0c08)=0x1
writeWord(addr=0x400e0c04,value=0x5a00000a)
readWord(addr=0x400e0a08)=0x1
readWord(addr=0x400e0c08)=0x1
readWord(addr=0x400e0c0c)=0
readWord(addr=0x400e0a08)=0x1
readWord(addr=0x400e0c08)=0x1
writeWord(addr=0x400e0c04,value=0x5a00000a)
readWord(addr=0x400e0a08)=0x1
readWord(addr=0x400e0c08)=0x1
readWord(addr=0x400e0c0c)=0
readWord(addr=0x400e0a08)=0x1
readWord(addr=0x400e0c08)=0x1
writeWord(addr=0x400e0c04,value=0x5a00000a)
readWord(addr=0x400e0a08)=0x1
readWord(addr=0x400e0c08)=0x1
readWord(addr=0x400e0c0c)=0
readWord(addr=0x400e0a08)=0x1
readWord(addr=0x400e0c08)=0x1
writeWord(addr=0x400e0c04,value=0x5a00000a)
readWord(addr=0x400e0a08)=0x1
readWord(addr=0x400e0c08)=0x1
readWord(addr=0x400e0c0c)=0
readWord(addr=0x400e0a08)=0x1
readWord(addr=0x400e0c08)=0x1
writeWord(addr=0x400e0c04,value=0x5a00000a)
readWord(addr=0x400e0a08)=0x1
readWord(addr=0x400e0c08)=0x1
readWord(addr=0x400e0c0c)=0
readWord(addr=0x400e0a08)=0x1
readWord(addr=0x400e0c08)=0x1
writeWord(addr=0x400e0c04,value=0x5a00000a)
readWord(addr=0x400e0a08)=0x1
readWord(addr=0x400e0c08)=0x1
readWord(addr=0x400e0c0c)=0
readWord(addr=0x400e0a08)=0x1
readWord(addr=0x400e0c08)=0x1
writeWord(addr=0x400e0c04,value=0x5a00000a)
readWord(addr=0x400e0a08)=0x1
readWord(addr=0x400e0c08)=0x1
readWord(addr=0x400e0c0c)=0
readWord(addr=0x400e0a08)=0x1
readWord(addr=0x400e0c08)=0x1
writeWord(addr=0x400e0c04,value=0x5a00000a)
readWord(addr=0x400e0a08)=0x1
readWord(addr=0x400e0c08)=0x1
readWord(addr=0x400e0c0c)=0
readWord(addr=0x400e0a08)=0x1
readWord(addr=0x400e0c08)=0x1
writeWord(addr=0x400e0c04,value=0x5a00000a)
readWord(addr=0x400e0a08)=0x1
readWord(addr=0x400e0c08)=0x1
readWord(addr=0x400e0c0c)=0
none
readWord(addr=0x400e0a08)=0x1
readWord(addr=0x400e0c08)=0x1
writeWord(addr=0x400e0a04,value=0x5a00000d)
readWord(addr=0x400e0a08)=0x1
readWord(addr=0x400e0c08)=0x1
readWord(addr=0x400e0a0c)=0
Security     : false
readWord(addr=0x400e0a08)=0x1
readWord(addr=0x400e0c08)=0x1
writeWord(addr=0x400e0a04,value=0x5a00000d)
readWord(addr=0x400e0a08)=0x1
readWord(addr=0x400e0c08)=0x1
readWord(addr=0x400e0a0c)=0
Boot Flash   : false
Erase flash
readWord(addr=0x400e0a08)=0x1
readWord(addr=0x400e0c08)=0x1
writeWord(addr=0x400e0a04,value=0x5a000005)
readWord(addr=0x400e0a08)=0
readWord(addr=0x400e0c08)=0x1
readWord(addr=0x400e0a08)=0
readWord(addr=0x400e0c08)=0x1
readWord(addr=0x400e0a08)=0
readWord(addr=0x400e0c08)=0x1
readWord(addr=0x400e0a08)=0x1
readWord(addr=0x400e0c08)=0x1
writeWord(addr=0x400e0c04,value=0x5a000005)
done in 0.019 seconds

Write 47568 bytes to flash (186 pages)
[                              ] 0% (0/186 pages)write(addr=0x20002000,size=0x100)
writeWord(addr=0x20001028,value=0x80000)
writeWord(addr=0x2000102c,value=0x20002000)
readWord(addr=0x400e0a08)=0x1
readWord(addr=0x400e0c08)=0x1
writeWord(addr=0x20001024,value=0x20001001)
go(addr=0x20001020)
writeWord(addr=0x400e0a04,value=0x5a000001)
write(addr=0x20002100,size=0x100)
writeWord(addr=0x20001028,value=0x80100)
writeWord(addr=0x2000102c,value=0x20002100)
readWord(addr=0x400e0a08)=0x1
readWord(addr=0x400e0c08)=0x1
writeWord(addr=0x20001024,value=0x20001001)
go(addr=0x20001020)
writeWord(addr=0x400e0a04,value=0x5a000101)
write(addr=0x20002000,size=0x100)
writeWord(addr=0x20001028,value=0x80200)
writeWord(addr=0x2000102c,value=0x20002000)
readWord(addr=0x400e0a08)=0x1
readWord(addr=0x400e0c08)=0x1
writeWord(addr=0x20001024,value=0x20001001)
go(addr=0x20001020)
writeWord(addr=0x400e0a04,value=0x5a000201)
write(addr=0x20002100,size=0x100)
writeWord(addr=0x20001028,value=0x80300)
writeWord(addr=0x2000102c,value=0x20002100)
readWord(addr=0x400e0a08)=0x1
readWord(addr=0x400e0c08)=0x1
writeWord(addr=0x20001024,value=0x20001001)
go(addr=0x20001020)
writeWord(addr=0x400e0a04,value=0x5a000301)
write(addr=0x20002000,size=0x100)
writeWord(addr=0x20001028,value=0x80400)
writeWord(addr=0x2000102c,value=0x20002000)
readWord(addr=0x400e0a08)=0x1
readWord(addr=0x400e0c08)=0x1
writeWord(addr=0x20001024,value=0x20001001)
go(addr=0x20001020)
writeWord(addr=0x400e0a04,value=0x5a000401)
write(addr=0x20002100,size=0x100)
writeWord(addr=0x20001028,value=0x80500)
writeWord(addr=0x2000102c,value=0x20002100)
readWord(addr=0x400e0a08)=0x1
readWord(addr=0x400e0c08)=0x1
writeWord(addr=0x20001024,value=0x20001001)
go(addr=0x20001020)
writeWord(addr=0x400e0a04,value=0x5a000501)
write(addr=0x20002000,size=0x100)
writeWord(addr=0x20001028,value=0x80600)
writeWord(addr=0x2000102c,value=0x20002000)
readWord(addr=0x400e0a08)=0x1
readWord(addr=0x400e0c08)=0x1
writeWord(addr=0x20001024,value=0x20001001)
go(addr=0x20001020)
writeWord(addr=0x400e0a04,value=0x5a000601)
write(addr=0x20002100,size=0x100)
writeWord(addr=0x20001028,value=0x80700)
writeWord(addr=0x2000102c,value=0x20002100)
readWord(addr=0x400e0a08)=0x1
readWord(addr=0x400e0c08)=0x1
writeWord(addr=0x20001024,value=0x20001001)
go(addr=0x20001020)
writeWord(addr=0x400e0a04,value=0x5a000701)
write(addr=0x20002000,size=0x100)
writeWord(addr=0x20001028,value=0x80800)
writeWord(addr=0x2000102c,value=0x20002000)
readWord(addr=0x400e0a08)=0x1
readWord(addr=0x400e0c08)=0x1
writeWord(addr=0x20001024,value=0x20001001)
go(addr=0x20001020)
writeWord(addr=0x400e0a04,value=0x5a000801)
write(addr=0x20002100,size=0x100)
writeWord(addr=0x20001028,value=0x80900)
writeWord(addr=0x2000102c,value=0x20002100)
readWord(addr=0x400e0a08)=0x1
readWord(addr=0x400e0c08)=0x1
writeWord(addr=0x20001024,value=0x20001001)
go(addr=0x20001020)
writeWord(addr=0x400e0a04,value=0x5a000901)
write(addr=0x20002000,size=0x100)
writeWord(addr=0x20001028,value=0x80a00)
writeWord(addr=0x2000102c,value=0x20002000)
readWord(addr=0x400e0a08)=0x1
readWord(addr=0x400e0c08)=0x1
writeWord(addr=0x20001024,value=0x20001001)
go(addr=0x20001020)
writeWord(addr=0x400e0a04,value=0x5a000a01)
write(addr=0x20002100,size=0x100)
writeWord(addr=0x20001028,value=0x80b00)
writeWord(addr=0x2000102c,value=0x20002100)
readWord(addr=0x400e0a08)=0x1
readWord(addr=0x400e0c08)=0x1
writeWord(addr=0x20001024,value=0x20001001)
go(addr=0x20001020)
writeWord(addr=0x400e0a04,value=0x5a000b01)
write(addr=0x20002000,size=0x100)
writeWord(addr=0x20001028,value=0x80c00)
writeWord(addr=0x2000102c,value=0x20002000)
readWord(addr=0x400e0a08)=0x1
readWord(addr=0x400e0c08)=0x1
writeWord(addr=0x20001024,value=0x20001001)
go(addr=0x20001020)
writeWord(addr=0x400e0a04,value=0x5a000c01)
write(addr=0x20002100,size=0x100)
writeWord(addr=0x20001028,value=0x80d00)
writeWord(addr=0x2000102c,value=0x20002100)
readWord(addr=0x400e0a08)=0x1
readWord(addr=0x400e0c08)=0x1
writeWord(addr=0x20001024,value=0x20001001)
go(addr=0x20001020)
writeWord(addr=0x400e0a04,value=0x5a000d01)
write(addr=0x20002000,size=0x100)
writeWord(addr=0x20001028,value=0x80e00)
writeWord(addr=0x2000102c,value=0x20002000)
readWord(addr=0x400e0a08)=0x1
readWord(addr=0x400e0c08)=0x1
writeWord(addr=0x20001024,value=0x20001001)
go(addr=0x20001020)
writeWord(addr=0x400e0a04,value=0x5a000e01)
write(addr=0x20002100,size=0x100)
writeWord(addr=0x20001028,value=0x80f00)
writeWord(addr=0x2000102c,value=0x20002100)
readWord(addr=0x400e0a08)=0x1
readWord(addr=0x400e0c08)=0x1
writeWord(addr=0x20001024,value=0x20001001)
go(addr=0x20001020)
writeWord(addr=0x400e0a04,value=0x5a000f01)
write(addr=0x20002000,size=0x100)
writeWord(addr=0x20001028,value=0x81000)
writeWord(addr=0x2000102c,value=0x20002000)
readWord(addr=0x400e0a08)=0x1
readWord(addr=0x400e0c08)=0x1
writeWord(addr=0x20001024,value=0x20001001)
go(addr=0x20001020)
writeWord(addr=0x400e0a04,value=0x5a001001)
write(addr=0x20002100,size=0x100)
writeWord(addr=0x20001028,value=0x81100)
writeWord(addr=0x2000102c,value=0x20002100)
readWord(addr=0x400e0a08)=0x1
readWord(addr=0x400e0c08)=0x1
writeWord(addr=0x20001024,value=0x20001001)
go(addr=0x20001020)
writeWord(addr=0x400e0a04,value=0x5a001101)
[==                            ] 9% (18/186 pages)write(addr=0x20002000,size=0x100)
writeWord(addr=0x20001028,value=0x81200)
writeWord(addr=0x2000102c,value=0x20002000)
readWord(addr=0x400e0a08)=0x1
readWord(addr=0x400e0c08)=0x1
writeWord(addr=0x20001024,value=0x20001001)
go(addr=0x20001020)
writeWord(addr=0x400e0a04,value=0x5a001201)
write(addr=0x20002100,size=0x100)
writeWord(addr=0x20001028,value=0x81300)
writeWord(addr=0x2000102c,value=0x20002100)
readWord(addr=0x400e0a08)=0x1
readWord(addr=0x400e0c08)=0x1
writeWord(addr=0x20001024,value=0x20001001)
go(addr=0x20001020)
writeWord(addr=0x400e0a04,value=0x5a001301)
write(addr=0x20002000,size=0x100)
writeWord(addr=0x20001028,value=0x81400)
writeWord(addr=0x2000102c,value=0x20002000)
readWord(addr=0x400e0a08)=0x1
readWord(addr=0x400e0c08)=0x1
writeWord(addr=0x20001024,value=0x20001001)
go(addr=0x20001020)
writeWord(addr=0x400e0a04,value=0x5a001401)
write(addr=0x20002100,size=0x100)
writeWord(addr=0x20001028,value=0x81500)
writeWord(addr=0x2000102c,value=0x20002100)
readWord(addr=0x400e0a08)=0x1
readWord(addr=0x400e0c08)=0x1
writeWord(addr=0x20001024,value=0x20001001)
go(addr=0x20001020)
writeWord(addr=0x400e0a04,value=0x5a001501)
write(addr=0x20002000,size=0x100)
writeWord(addr=0x20001028,value=0x81600)
writeWord(addr=0x2000102c,value=0x20002000)
readWord(addr=0x400e0a08)=0x1
readWord(addr=0x400e0c08)=0x1
writeWord(addr=0x20001024,value=0x20001001)
go(addr=0x20001020)
writeWord(addr=0x400e0a04,value=0x5a001601)
write(addr=0x20002100,size=0x100)
writeWord(addr=0x20001028,value=0x81700)
writeWord(addr=0x2000102c,value=0x20002100)
readWord(addr=0x400e0a08)=0x1
readWord(addr=0x400e0c08)=0x1
writeWord(addr=0x20001024,value=0x20001001)
go(addr=0x20001020)
writeWord(addr=0x400e0a04,value=0x5a001701)
write(addr=0x20002000,size=0x100)
writeWord(addr=0x20001028,value=0x81800)
writeWord(addr=0x2000102c,value=0x20002000)
readWord(addr=0x400e0a08)=0x1
readWord(addr=0x400e0c08)=0x1
writeWord(addr=0x20001024,value=0x20001001)
go(addr=0x20001020)
writeWord(addr=0x400e0a04,value=0x5a001801)
write(addr=0x20002100,size=0x100)
writeWord(addr=0x20001028,value=0x81900)
writeWord(addr=0x2000102c,value=0x20002100)
readWord(addr=0x400e0a08)=0x1
readWord(addr=0x400e0c08)=0x1
writeWord(addr=0x20001024,value=0x20001001)
go(addr=0x20001020)
writeWord(addr=0x400e0a04,value=0x5a001901)
write(addr=0x20002000,size=0x100)
writeWord(addr=0x20001028,value=0x81a00)
writeWord(addr=0x2000102c,value=0x20002000)
readWord(addr=0x400e0a08)=0x1
readWord(addr=0x400e0c08)=0x1
writeWord(addr=0x20001024,value=0x20001001)
go(addr=0x20001020)
writeWord(addr=0x400e0a04,value=0x5a001a01)
write(addr=0x20002100,size=0x100)
writeWord(addr=0x20001028,value=0x81b00)
writeWord(addr=0x2000102c,value=0x20002100)
readWord(addr=0x400e0a08)=0x1
readWord(addr=0x400e0c08)=0x1
writeWord(addr=0x20001024,value=0x20001001)
go(addr=0x20001020)
writeWord(addr=0x400e0a04,value=0x5a001b01)
write(addr=0x20002000,size=0x100)
writeWord(addr=0x20001028,value=0x81c00)
writeWord(addr=0x2000102c,value=0x20002000)
readWord(addr=0x400e0a08)=0x1
readWord(addr=0x400e0c08)=0x1
writeWord(addr=0x20001024,value=0x20001001)
go(addr=0x20001020)
writeWord(addr=0x400e0a04,value=0x5a001c01)
write(addr=0x20002100,size=0x100)
writeWord(addr=0x20001028,value=0x81d00)
writeWord(addr=0x2000102c,value=0x20002100)
readWord(addr=0x400e0a08)=0x1
readWord(addr=0x400e0c08)=0x1
writeWord(addr=0x20001024,value=0x20001001)
go(addr=0x20001020)
writeWord(addr=0x400e0a04,value=0x5a001d01)
write(addr=0x20002000,size=0x100)
writeWord(addr=0x20001028,value=0x81e00)
writeWord(addr=0x2000102c,value=0x20002000)
readWord(addr=0x400e0a08)=0x1
readWord(addr=0x400e0c08)=0x1
writeWord(addr=0x20001024,value=0x20001001)
go(addr=0x20001020)
writeWord(addr=0x400e0a04,value=0x5a001e01)
write(addr=0x20002100,size=0x100)
writeWord(addr=0x20001028,value=0x81f00)
writeWord(addr=0x2000102c,value=0x20002100)
readWord(addr=0x400e0a08)=0x1
readWord(addr=0x400e0c08)=0x1
writeWord(addr=0x20001024,value=0x20001001)
go(addr=0x20001020)
writeWord(addr=0x400e0a04,value=0x5a001f01)
write(addr=0x20002000,size=0x100)
writeWord(addr=0x20001028,value=0x82000)
writeWord(addr=0x2000102c,value=0x20002000)
readWord(addr=0x400e0a08)=0x1
readWord(addr=0x400e0c08)=0x1
writeWord(addr=0x20001024,value=0x20001001)
go(addr=0x20001020)
writeWord(addr=0x400e0a04,value=0x5a002001)
write(addr=0x20002100,size=0x100)
writeWord(addr=0x20001028,value=0x82100)
writeWord(addr=0x2000102c,value=0x20002100)
readWord(addr=0x400e0a08)=0x1
readWord(addr=0x400e0c08)=0x1
writeWord(addr=0x20001024,value=0x20001001)
go(addr=0x20001020)
writeWord(addr=0x400e0a04,value=0x5a002101)
write(addr=0x20002000,size=0x100)
writeWord(addr=0x20001028,value=0x82200)
writeWord(addr=0x2000102c,value=0x20002000)
readWord(addr=0x400e0a08)=0x1
readWord(addr=0x400e0c08)=0x1
writeWord(addr=0x20001024,value=0x20001001)
go(addr=0x20001020)
writeWord(addr=0x400e0a04,value=0x5a002201)
write(addr=0x20002100,size=0x100)
writeWord(addr=0x20001028,value=0x82300)
writeWord(addr=0x2000102c,value=0x20002100)
readWord(addr=0x400e0a08)=0x1
readWord(addr=0x400e0c08)=0x1
writeWord(addr=0x20001024,value=0x20001001)
go(addr=0x20001020)
writeWord(addr=0x400e0a04,value=0x5a002301)
[=====                         ] 19% (36/186 pages)write(addr=0x20002000,size=0x100)
writeWord(addr=0x20001028,value=0x82400)
writeWord(addr=0x2000102c,value=0x20002000)
readWord(addr=0x400e0a08)=0x1
readWord(addr=0x400e0c08)=0x1
writeWord(addr=0x20001024,value=0x20001001)
go(addr=0x20001020)
writeWord(addr=0x400e0a04,value=0x5a002401)
write(addr=0x20002100,size=0x100)
writeWord(addr=0x20001028,value=0x82500)
writeWord(addr=0x2000102c,value=0x20002100)
readWord(addr=0x400e0a08)=0x1
readWord(addr=0x400e0c08)=0x1
writeWord(addr=0x20001024,value=0x20001001)
go(addr=0x20001020)
writeWord(addr=0x400e0a04,value=0x5a002501)
write(addr=0x20002000,size=0x100)
writeWord(addr=0x20001028,value=0x82600)
writeWord(addr=0x2000102c,value=0x20002000)
readWord(addr=0x400e0a08)=0x1
readWord(addr=0x400e0c08)=0x1
writeWord(addr=0x20001024,value=0x20001001)
go(addr=0x20001020)
writeWord(addr=0x400e0a04,value=0x5a002601)
write(addr=0x20002100,size=0x100)
writeWord(addr=0x20001028,value=0x82700)
writeWord(addr=0x2000102c,value=0x20002100)
readWord(addr=0x400e0a08)=0x1
readWord(addr=0x400e0c08)=0x1
writeWord(addr=0x20001024,value=0x20001001)
go(addr=0x20001020)
writeWord(addr=0x400e0a04,value=0x5a002701)
write(addr=0x20002000,size=0x100)
writeWord(addr=0x20001028,value=0x82800)
writeWord(addr=0x2000102c,value=0x20002000)
readWord(addr=0x400e0a08)=0x1
readWord(addr=0x400e0c08)=0x1
writeWord(addr=0x20001024,value=0x20001001)
go(addr=0x20001020)
writeWord(addr=0x400e0a04,value=0x5a002801)
write(addr=0x20002100,size=0x100)
writeWord(addr=0x20001028,value=0x82900)
writeWord(addr=0x2000102c,value=0x20002100)
readWord(addr=0x400e0a08)=0x1
readWord(addr=0x400e0c08)=0x1
writeWord(addr=0x20001024,value=0x20001001)
go(addr=0x20001020)
writeWord(addr=0x400e0a04,value=0x5a002901)
write(addr=0x20002000,size=0x100)
writeWord(addr=0x20001028,value=0x82a00)
writeWord(addr=0x2000102c,value=0x20002000)
readWord(addr=0x400e0a08)=0x1
readWord(addr=0x400e0c08)=0x1
writeWord(addr=0x20001024,value=0x20001001)
go(addr=0x20001020)
writeWord(addr=0x400e0a04,value=0x5a002a01)
write(addr=0x20002100,size=0x100)
writeWord(addr=0x20001028,value=0x82b00)
writeWord(addr=0x2000102c,value=0x20002100)
readWord(addr=0x400e0a08)=0x1
readWord(addr=0x400e0c08)=0x1
writeWord(addr=0x20001024,value=0x20001001)
go(addr=0x20001020)
writeWord(addr=0x400e0a04,value=0x5a002b01)
write(addr=0x20002000,size=0x100)
writeWord(addr=0x20001028,value=0x82c00)
writeWord(addr=0x2000102c,value=0x20002000)
readWord(addr=0x400e0a08)=0x1
readWord(addr=0x400e0c08)=0x1
writeWord(addr=0x20001024,value=0x20001001)
go(addr=0x20001020)
writeWord(addr=0x400e0a04,value=0x5a002c01)
write(addr=0x20002100,size=0x100)
writeWord(addr=0x20001028,value=0x82d00)
writeWord(addr=0x2000102c,value=0x20002100)
readWord(addr=0x400e0a08)=0x1
readWord(addr=0x400e0c08)=0x1
writeWord(addr=0x20001024,value=0x20001001)
go(addr=0x20001020)
writeWord(addr=0x400e0a04,value=0x5a002d01)
write(addr=0x20002000,size=0x100)
writeWord(addr=0x20001028,value=0x82e00)
writeWord(addr=0x2000102c,value=0x20002000)
readWord(addr=0x400e0a08)=0x1
readWord(addr=0x400e0c08)=0x1
writeWord(addr=0x20001024,value=0x20001001)
go(addr=0x20001020)
writeWord(addr=0x400e0a04,value=0x5a002e01)
write(addr=0x20002100,size=0x100)
writeWord(addr=0x20001028,value=0x82f00)
writeWord(addr=0x2000102c,value=0x20002100)
readWord(addr=0x400e0a08)=0x1
readWord(addr=0x400e0c08)=0x1
writeWord(addr=0x20001024,value=0x20001001)
go(addr=0x20001020)
writeWord(addr=0x400e0a04,value=0x5a002f01)
write(addr=0x20002000,size=0x100)
writeWord(addr=0x20001028,value=0x83000)
writeWord(addr=0x2000102c,value=0x20002000)
readWord(addr=0x400e0a08)=0x1
readWord(addr=0x400e0c08)=0x1
writeWord(addr=0x20001024,value=0x20001001)
go(addr=0x20001020)
writeWord(addr=0x400e0a04,value=0x5a003001)
write(addr=0x20002100,size=0x100)
writeWord(addr=0x20001028,value=0x83100)
writeWord(addr=0x2000102c,value=0x20002100)
readWord(addr=0x400e0a08)=0x1
readWord(addr=0x400e0c08)=0x1
writeWord(addr=0x20001024,value=0x20001001)
go(addr=0x20001020)
writeWord(addr=0x400e0a04,value=0x5a003101)
write(addr=0x20002000,size=0x100)
writeWord(addr=0x20001028,value=0x83200)
writeWord(addr=0x2000102c,value=0x20002000)
readWord(addr=0x400e0a08)=0x1
readWord(addr=0x400e0c08)=0x1
writeWord(addr=0x20001024,value=0x20001001)
go(addr=0x20001020)
writeWord(addr=0x400e0a04,value=0x5a003201)
write(addr=0x20002100,size=0x100)
writeWord(addr=0x20001028,value=0x83300)
writeWord(addr=0x2000102c,value=0x20002100)
readWord(addr=0x400e0a08)=0x1
readWord(addr=0x400e0c08)=0x1
writeWord(addr=0x20001024,value=0x20001001)
go(addr=0x20001020)
writeWord(addr=0x400e0a04,value=0x5a003301)
write(addr=0x20002000,size=0x100)
writeWord(addr=0x20001028,value=0x83400)
writeWord(addr=0x2000102c,value=0x20002000)
readWord(addr=0x400e0a08)=0x1
readWord(addr=0x400e0c08)=0x1
writeWord(addr=0x20001024,value=0x20001001)
go(addr=0x20001020)
writeWord(addr=0x400e0a04,value=0x5a003401)
write(addr=0x20002100,size=0x100)
writeWord(addr=0x20001028,value=0x83500)
writeWord(addr=0x2000102c,value=0x20002100)
readWord(addr=0x400e0a08)=0x1
readWord(addr=0x400e0c08)=0x1
writeWord(addr=0x20001024,value=0x20001001)
go(addr=0x20001020)
writeWord(addr=0x400e0a04,value=0x5a003501)
[========                      ] 29% (54/186 pages)write(addr=0x20002000,size=0x100)
writeWord(addr=0x20001028,value=0x83600)
writeWord(addr=0x2000102c,value=0x20002000)
readWord(addr=0x400e0a08)=0x1
readWord(addr=0x400e0c08)=0x1
writeWord(addr=0x20001024,value=0x20001001)
go(addr=0x20001020)
writeWord(addr=0x400e0a04,value=0x5a003601)
write(addr=0x20002100,size=0x100)
writeWord(addr=0x20001028,value=0x83700)
writeWord(addr=0x2000102c,value=0x20002100)
readWord(addr=0x400e0a08)=0x1
readWord(addr=0x400e0c08)=0x1
writeWord(addr=0x20001024,value=0x20001001)
go(addr=0x20001020)
writeWord(addr=0x400e0a04,value=0x5a003701)
write(addr=0x20002000,size=0x100)
writeWord(addr=0x20001028,value=0x83800)
writeWord(addr=0x2000102c,value=0x20002000)
readWord(addr=0x400e0a08)=0x1
readWord(addr=0x400e0c08)=0x1
writeWord(addr=0x20001024,value=0x20001001)
go(addr=0x20001020)
writeWord(addr=0x400e0a04,value=0x5a003801)
write(addr=0x20002100,size=0x100)
writeWord(addr=0x20001028,value=0x83900)
writeWord(addr=0x2000102c,value=0x20002100)
readWord(addr=0x400e0a08)=0x1
readWord(addr=0x400e0c08)=0x1
writeWord(addr=0x20001024,value=0x20001001)
go(addr=0x20001020)
writeWord(addr=0x400e0a04,value=0x5a003901)
write(addr=0x20002000,size=0x100)
writeWord(addr=0x20001028,value=0x83a00)
writeWord(addr=0x2000102c,value=0x20002000)
readWord(addr=0x400e0a08)=0x1
readWord(addr=0x400e0c08)=0x1
writeWord(addr=0x20001024,value=0x20001001)
go(addr=0x20001020)
writeWord(addr=0x400e0a04,value=0x5a003a01)
write(addr=0x20002100,size=0x100)
writeWord(addr=0x20001028,value=0x83b00)
writeWord(addr=0x2000102c,value=0x20002100)
readWord(addr=0x400e0a08)=0x1
readWord(addr=0x400e0c08)=0x1
writeWord(addr=0x20001024,value=0x20001001)
go(addr=0x20001020)
writeWord(addr=0x400e0a04,value=0x5a003b01)
write(addr=0x20002000,size=0x100)
writeWord(addr=0x20001028,value=0x83c00)
writeWord(addr=0x2000102c,value=0x20002000)
readWord(addr=0x400e0a08)=0x1
readWord(addr=0x400e0c08)=0x1
writeWord(addr=0x20001024,value=0x20001001)
go(addr=0x20001020)
writeWord(addr=0x400e0a04,value=0x5a003c01)
write(addr=0x20002100,size=0x100)
writeWord(addr=0x20001028,value=0x83d00)
writeWord(addr=0x2000102c,value=0x20002100)
readWord(addr=0x400e0a08)=0x1
readWord(addr=0x400e0c08)=0x1
writeWord(addr=0x20001024,value=0x20001001)
go(addr=0x20001020)
writeWord(addr=0x400e0a04,value=0x5a003d01)
write(addr=0x20002000,size=0x100)
writeWord(addr=0x20001028,value=0x83e00)
writeWord(addr=0x2000102c,value=0x20002000)
readWord(addr=0x400e0a08)=0x1
readWord(addr=0x400e0c08)=0x1
writeWord(addr=0x20001024,value=0x20001001)
go(addr=0x20001020)
writeWord(addr=0x400e0a04,value=0x5a003e01)
write(addr=0x20002100,size=0x100)
writeWord(addr=0x20001028,value=0x83f00)
writeWord(addr=0x2000102c,value=0x20002100)
readWord(addr=0x400e0a08)=0x1
readWord(addr=0x400e0c08)=0x1
writeWord(addr=0x20001024,value=0x20001001)
go(addr=0x20001020)
writeWord(addr=0x400e0a04,value=0x5a003f01)
write(addr=0x20002000,size=0x100)
writeWord(addr=0x20001028,value=0x84000)
writeWord(addr=0x2000102c,value=0x20002000)
readWord(addr=0x400e0a08)=0x1
readWord(addr=0x400e0c08)=0x1
writeWord(addr=0x20001024,value=0x20001001)
go(addr=0x20001020)
writeWord(addr=0x400e0a04,value=0x5a004001)
write(addr=0x20002100,size=0x100)
writeWord(addr=0x20001028,value=0x84100)
writeWord(addr=0x2000102c,value=0x20002100)
readWord(addr=0x400e0a08)=0x1
readWord(addr=0x400e0c08)=0x1
writeWord(addr=0x20001024,value=0x20001001)
go(addr=0x20001020)
writeWord(addr=0x400e0a04,value=0x5a004101)
write(addr=0x20002000,size=0x100)
writeWord(addr=0x20001028,value=0x84200)
writeWord(addr=0x2000102c,value=0x20002000)
readWord(addr=0x400e0a08)=0x1
readWord(addr=0x400e0c08)=0x1
writeWord(addr=0x20001024,value=0x20001001)
go(addr=0x20001020)
writeWord(addr=0x400e0a04,value=0x5a004201)
write(addr=0x20002100,size=0x100)
writeWord(addr=0x20001028,value=0x84300)
writeWord(addr=0x2000102c,value=0x20002100)
readWord(addr=0x400e0a08)=0x1
readWord(addr=0x400e0c08)=0x1
writeWord(addr=0x20001024,value=0x20001001)
go(addr=0x20001020)
writeWord(addr=0x400e0a04,value=0x5a004301)
write(addr=0x20002000,size=0x100)
writeWord(addr=0x20001028,value=0x84400)
writeWord(addr=0x2000102c,value=0x20002000)
readWord(addr=0x400e0a08)=0x1
readWord(addr=0x400e0c08)=0x1
writeWord(addr=0x20001024,value=0x20001001)
go(addr=0x20001020)
writeWord(addr=0x400e0a04,value=0x5a004401)
write(addr=0x20002100,size=0x100)
writeWord(addr=0x20001028,value=0x84500)
writeWord(addr=0x2000102c,value=0x20002100)
readWord(addr=0x400e0a08)=0x1
readWord(addr=0x400e0c08)=0x1
writeWord(addr=0x20001024,value=0x20001001)
go(addr=0x20001020)
writeWord(addr=0x400e0a04,value=0x5a004501)
write(addr=0x20002000,size=0x100)
writeWord(addr=0x20001028,value=0x84600)
writeWord(addr=0x2000102c,value=0x20002000)
readWord(addr=0x400e0a08)=0x1
readWord(addr=0x400e0c08)=0x1
writeWord(addr=0x20001024,value=0x20001001)
go(addr=0x20001020)
writeWord(addr=0x400e0a04,value=0x5a004601)
write(addr=0x20002100,size=0x100)
writeWord(addr=0x20001028,value=0x84700)
writeWord(addr=0x2000102c,value=0x20002100)
readWord(addr=0x400e0a08)=0x1
readWord(addr=0x400e0c08)=0x1
writeWord(addr=0x20001024,value=0x20001001)
go(addr=0x20001020)
writeWord(addr=0x400e0a04,value=0x5a004701)
[===========                   ] 38% (72/186 pages)write(addr=0x20002000,size=0x100)
writeWord(addr=0x20001028,value=0x84800)
writeWord(addr=0x2000102c,value=0x20002000)
readWord(addr=0x400e0a08)=0x1
readWord(addr=0x400e0c08)=0x1
writeWord(addr=0x20001024,value=0x20001001)
go(addr=0x20001020)
writeWord(addr=0x400e0a04,value=0x5a004801)
write(addr=0x20002100,size=0x100)
writeWord(addr=0x20001028,value=0x84900)
writeWord(addr=0x2000102c,value=0x20002100)
readWord(addr=0x400e0a08)=0x1
readWord(addr=0x400e0c08)=0x1
writeWord(addr=0x20001024,value=0x20001001)
go(addr=0x20001020)
writeWord(addr=0x400e0a04,value=0x5a004901)
write(addr=0x20002000,size=0x100)
writeWord(addr=0x20001028,value=0x84a00)
writeWord(addr=0x2000102c,value=0x20002000)
readWord(addr=0x400e0a08)=0x1
readWord(addr=0x400e0c08)=0x1
writeWord(addr=0x20001024,value=0x20001001)
go(addr=0x20001020)
writeWord(addr=0x400e0a04,value=0x5a004a01)
write(addr=0x20002100,size=0x100)
writeWord(addr=0x20001028,value=0x84b00)
writeWord(addr=0x2000102c,value=0x20002100)
readWord(addr=0x400e0a08)=0x1
readWord(addr=0x400e0c08)=0x1
writeWord(addr=0x20001024,value=0x20001001)
go(addr=0x20001020)
writeWord(addr=0x400e0a04,value=0x5a004b01)
write(addr=0x20002000,size=0x100)
writeWord(addr=0x20001028,value=0x84c00)
writeWord(addr=0x2000102c,value=0x20002000)
readWord(addr=0x400e0a08)=0x1
readWord(addr=0x400e0c08)=0x1
writeWord(addr=0x20001024,value=0x20001001)
go(addr=0x20001020)
writeWord(addr=0x400e0a04,value=0x5a004c01)
write(addr=0x20002100,size=0x100)
writeWord(addr=0x20001028,value=0x84d00)
writeWord(addr=0x2000102c,value=0x20002100)
readWord(addr=0x400e0a08)=0x1
readWord(addr=0x400e0c08)=0x1
writeWord(addr=0x20001024,value=0x20001001)
go(addr=0x20001020)
writeWord(addr=0x400e0a04,value=0x5a004d01)
write(addr=0x20002000,size=0x100)
writeWord(addr=0x20001028,value=0x84e00)
writeWord(addr=0x2000102c,value=0x20002000)
readWord(addr=0x400e0a08)=0x1
readWord(addr=0x400e0c08)=0x1
writeWord(addr=0x20001024,value=0x20001001)
go(addr=0x20001020)
writeWord(addr=0x400e0a04,value=0x5a004e01)
write(addr=0x20002100,size=0x100)
writeWord(addr=0x20001028,value=0x84f00)
writeWord(addr=0x2000102c,value=0x20002100)
readWord(addr=0x400e0a08)=0x1
readWord(addr=0x400e0c08)=0x1
writeWord(addr=0x20001024,value=0x20001001)
go(addr=0x20001020)
writeWord(addr=0x400e0a04,value=0x5a004f01)
write(addr=0x20002000,size=0x100)
writeWord(addr=0x20001028,value=0x85000)
writeWord(addr=0x2000102c,value=0x20002000)
readWord(addr=0x400e0a08)=0x1
readWord(addr=0x400e0c08)=0x1
writeWord(addr=0x20001024,value=0x20001001)
go(addr=0x20001020)
writeWord(addr=0x400e0a04,value=0x5a005001)
write(addr=0x20002100,size=0x100)
writeWord(addr=0x20001028,value=0x85100)
writeWord(addr=0x2000102c,value=0x20002100)
readWord(addr=0x400e0a08)=0x1
readWord(addr=0x400e0c08)=0x1
writeWord(addr=0x20001024,value=0x20001001)
go(addr=0x20001020)
writeWord(addr=0x400e0a04,value=0x5a005101)
write(addr=0x20002000,size=0x100)
writeWord(addr=0x20001028,value=0x85200)
writeWord(addr=0x2000102c,value=0x20002000)
readWord(addr=0x400e0a08)=0x1
readWord(addr=0x400e0c08)=0x1
writeWord(addr=0x20001024,value=0x20001001)
go(addr=0x20001020)
writeWord(addr=0x400e0a04,value=0x5a005201)
write(addr=0x20002100,size=0x100)
writeWord(addr=0x20001028,value=0x85300)
writeWord(addr=0x2000102c,value=0x20002100)
readWord(addr=0x400e0a08)=0x1
readWord(addr=0x400e0c08)=0x1
writeWord(addr=0x20001024,value=0x20001001)
go(addr=0x20001020)
writeWord(addr=0x400e0a04,value=0x5a005301)
write(addr=0x20002000,size=0x100)
writeWord(addr=0x20001028,value=0x85400)
writeWord(addr=0x2000102c,value=0x20002000)
readWord(addr=0x400e0a08)=0x1
readWord(addr=0x400e0c08)=0x1
writeWord(addr=0x20001024,value=0x20001001)
go(addr=0x20001020)
writeWord(addr=0x400e0a04,value=0x5a005401)
write(addr=0x20002100,size=0x100)
writeWord(addr=0x20001028,value=0x85500)
writeWord(addr=0x2000102c,value=0x20002100)
readWord(addr=0x400e0a08)=0x1
readWord(addr=0x400e0c08)=0x1
writeWord(addr=0x20001024,value=0x20001001)
go(addr=0x20001020)
writeWord(addr=0x400e0a04,value=0x5a005501)
write(addr=0x20002000,size=0x100)
writeWord(addr=0x20001028,value=0x85600)
writeWord(addr=0x2000102c,value=0x20002000)
readWord(addr=0x400e0a08)=0x1
readWord(addr=0x400e0c08)=0x1
writeWord(addr=0x20001024,value=0x20001001)
go(addr=0x20001020)
writeWord(addr=0x400e0a04,value=0x5a005601)
write(addr=0x20002100,size=0x100)
writeWord(addr=0x20001028,value=0x85700)
writeWord(addr=0x2000102c,value=0x20002100)
readWord(addr=0x400e0a08)=0x1
readWord(addr=0x400e0c08)=0x1
writeWord(addr=0x20001024,value=0x20001001)
go(addr=0x20001020)
writeWord(addr=0x400e0a04,value=0x5a005701)
write(addr=0x20002000,size=0x100)
writeWord(addr=0x20001028,value=0x85800)
writeWord(addr=0x2000102c,value=0x20002000)
readWord(addr=0x400e0a08)=0x1
readWord(addr=0x400e0c08)=0x1
writeWord(addr=0x20001024,value=0x20001001)
go(addr=0x20001020)
writeWord(addr=0x400e0a04,value=0x5a005801)
write(addr=0x20002100,size=0x100)
writeWord(addr=0x20001028,value=0x85900)
writeWord(addr=0x2000102c,value=0x20002100)
readWord(addr=0x400e0a08)=0x1
readWord(addr=0x400e0c08)=0x1
writeWord(addr=0x20001024,value=0x20001001)
go(addr=0x20001020)
writeWord(addr=0x400e0a04,value=0x5a005901)
[==============                ] 48% (90/186 pages)write(addr=0x20002000,size=0x100)
writeWord(addr=0x20001028,value=0x85a00)
writeWord(addr=0x2000102c,value=0x20002000)
readWord(addr=0x400e0a08)=0x1
readWord(addr=0x400e0c08)=0x1
writeWord(addr=0x20001024,value=0x20001001)
go(addr=0x20001020)
writeWord(addr=0x400e0a04,value=0x5a005a01)
write(addr=0x20002100,size=0x100)
writeWord(addr=0x20001028,value=0x85b00)
writeWord(addr=0x2000102c,value=0x20002100)
readWord(addr=0x400e0a08)=0x1
readWord(addr=0x400e0c08)=0x1
writeWord(addr=0x20001024,value=0x20001001)
go(addr=0x20001020)
writeWord(addr=0x400e0a04,value=0x5a005b01)
write(addr=0x20002000,size=0x100)
writeWord(addr=0x20001028,value=0x85c00)
writeWord(addr=0x2000102c,value=0x20002000)
readWord(addr=0x400e0a08)=0x1
readWord(addr=0x400e0c08)=0x1
writeWord(addr=0x20001024,value=0x20001001)
go(addr=0x20001020)
writeWord(addr=0x400e0a04,value=0x5a005c01)
write(addr=0x20002100,size=0x100)
writeWord(addr=0x20001028,value=0x85d00)
writeWord(addr=0x2000102c,value=0x20002100)
readWord(addr=0x400e0a08)=0x1
readWord(addr=0x400e0c08)=0x1
writeWord(addr=0x20001024,value=0x20001001)
go(addr=0x20001020)
writeWord(addr=0x400e0a04,value=0x5a005d01)
write(addr=0x20002000,size=0x100)
writeWord(addr=0x20001028,value=0x85e00)
writeWord(addr=0x2000102c,value=0x20002000)
readWord(addr=0x400e0a08)=0x1
readWord(addr=0x400e0c08)=0x1
writeWord(addr=0x20001024,value=0x20001001)
go(addr=0x20001020)
writeWord(addr=0x400e0a04,value=0x5a005e01)
write(addr=0x20002100,size=0x100)
writeWord(addr=0x20001028,value=0x85f00)
writeWord(addr=0x2000102c,value=0x20002100)
readWord(addr=0x400e0a08)=0x1
readWord(addr=0x400e0c08)=0x1
writeWord(addr=0x20001024,value=0x20001001)
go(addr=0x20001020)
writeWord(addr=0x400e0a04,value=0x5a005f01)
write(addr=0x20002000,size=0x100)
writeWord(addr=0x20001028,value=0x86000)
writeWord(addr=0x2000102c,value=0x20002000)
readWord(addr=0x400e0a08)=0x1
readWord(addr=0x400e0c08)=0x1
writeWord(addr=0x20001024,value=0x20001001)
go(addr=0x20001020)
writeWord(addr=0x400e0a04,value=0x5a006001)
write(addr=0x20002100,size=0x100)
writeWord(addr=0x20001028,value=0x86100)
writeWord(addr=0x2000102c,value=0x20002100)
readWord(addr=0x400e0a08)=0x1
readWord(addr=0x400e0c08)=0x1
writeWord(addr=0x20001024,value=0x20001001)
go(addr=0x20001020)
writeWord(addr=0x400e0a04,value=0x5a006101)
write(addr=0x20002000,size=0x100)
writeWord(addr=0x20001028,value=0x86200)
writeWord(addr=0x2000102c,value=0x20002000)
readWord(addr=0x400e0a08)=0x1
readWord(addr=0x400e0c08)=0x1
writeWord(addr=0x20001024,value=0x20001001)
go(addr=0x20001020)
writeWord(addr=0x400e0a04,value=0x5a006201)
write(addr=0x20002100,size=0x100)
writeWord(addr=0x20001028,value=0x86300)
writeWord(addr=0x2000102c,value=0x20002100)
readWord(addr=0x400e0a08)=0x1
readWord(addr=0x400e0c08)=0x1
writeWord(addr=0x20001024,value=0x20001001)
go(addr=0x20001020)
writeWord(addr=0x400e0a04,value=0x5a006301)
write(addr=0x20002000,size=0x100)
writeWord(addr=0x20001028,value=0x86400)
writeWord(addr=0x2000102c,value=0x20002000)
readWord(addr=0x400e0a08)=0x1
readWord(addr=0x400e0c08)=0x1
writeWord(addr=0x20001024,value=0x20001001)
go(addr=0x20001020)
writeWord(addr=0x400e0a04,value=0x5a006401)
write(addr=0x20002100,size=0x100)
writeWord(addr=0x20001028,value=0x86500)
writeWord(addr=0x2000102c,value=0x20002100)
readWord(addr=0x400e0a08)=0x1
readWord(addr=0x400e0c08)=0x1
writeWord(addr=0x20001024,value=0x20001001)
go(addr=0x20001020)
writeWord(addr=0x400e0a04,value=0x5a006501)
write(addr=0x20002000,size=0x100)
writeWord(addr=0x20001028,value=0x86600)
writeWord(addr=0x2000102c,value=0x20002000)
readWord(addr=0x400e0a08)=0x1
readWord(addr=0x400e0c08)=0x1
writeWord(addr=0x20001024,value=0x20001001)
go(addr=0x20001020)
writeWord(addr=0x400e0a04,value=0x5a006601)
write(addr=0x20002100,size=0x100)
writeWord(addr=0x20001028,value=0x86700)
writeWord(addr=0x2000102c,value=0x20002100)
readWord(addr=0x400e0a08)=0x1
readWord(addr=0x400e0c08)=0x1
writeWord(addr=0x20001024,value=0x20001001)
go(addr=0x20001020)
writeWord(addr=0x400e0a04,value=0x5a006701)
write(addr=0x20002000,size=0x100)
writeWord(addr=0x20001028,value=0x86800)
writeWord(addr=0x2000102c,value=0x20002000)
readWord(addr=0x400e0a08)=0x1
readWord(addr=0x400e0c08)=0x1
writeWord(addr=0x20001024,value=0x20001001)
go(addr=0x20001020)
writeWord(addr=0x400e0a04,value=0x5a006801)
write(addr=0x20002100,size=0x100)
writeWord(addr=0x20001028,value=0x86900)
writeWord(addr=0x2000102c,value=0x20002100)
readWord(addr=0x400e0a08)=0x1
readWord(addr=0x400e0c08)=0x1
writeWord(addr=0x20001024,value=0x20001001)
go(addr=0x20001020)
writeWord(addr=0x400e0a04,value=0x5a006901)
write(addr=0x20002000,size=0x100)
writeWord(addr=0x20001028,value=0x86a00)
writeWord(addr=0x2000102c,value=0x20002000)
readWord(addr=0x400e0a08)=0x1
readWord(addr=0x400e0c08)=0x1
writeWord(addr=0x20001024,value=0x20001001)
go(addr=0x20001020)
writeWord(addr=0x400e0a04,value=0x5a006a01)
write(addr=0x20002100,size=0x100)
writeWord(addr=0x20001028,value=0x86b00)
writeWord(addr=0x2000102c,value=0x20002100)
readWord(addr=0x400e0a08)=0x1
readWord(addr=0x400e0c08)=0x1
writeWord(addr=0x20001024,value=0x20001001)
go(addr=0x20001020)
writeWord(addr=0x400e0a04,value=0x5a006b01)
[=================             ] 58% (108/186 pages)write(addr=0x20002000,size=0x100)
writeWord(addr=0x20001028,value=0x86c00)
writeWord(addr=0x2000102c,value=0x20002000)
readWord(addr=0x400e0a08)=0x1
readWord(addr=0x400e0c08)=0x1
writeWord(addr=0x20001024,value=0x20001001)
go(addr=0x20001020)
writeWord(addr=0x400e0a04,value=0x5a006c01)
write(addr=0x20002100,size=0x100)
writeWord(addr=0x20001028,value=0x86d00)
writeWord(addr=0x2000102c,value=0x20002100)
readWord(addr=0x400e0a08)=0x1
readWord(addr=0x400e0c08)=0x1
writeWord(addr=0x20001024,value=0x20001001)
go(addr=0x20001020)
writeWord(addr=0x400e0a04,value=0x5a006d01)
write(addr=0x20002000,size=0x100)
writeWord(addr=0x20001028,value=0x86e00)
writeWord(addr=0x2000102c,value=0x20002000)
readWord(addr=0x400e0a08)=0x1
readWord(addr=0x400e0c08)=0x1
writeWord(addr=0x20001024,value=0x20001001)
go(addr=0x20001020)
writeWord(addr=0x400e0a04,value=0x5a006e01)
write(addr=0x20002100,size=0x100)
writeWord(addr=0x20001028,value=0x86f00)
writeWord(addr=0x2000102c,value=0x20002100)
readWord(addr=0x400e0a08)=0x1
readWord(addr=0x400e0c08)=0x1
writeWord(addr=0x20001024,value=0x20001001)
go(addr=0x20001020)
writeWord(addr=0x400e0a04,value=0x5a006f01)
write(addr=0x20002000,size=0x100)
writeWord(addr=0x20001028,value=0x87000)
writeWord(addr=0x2000102c,value=0x20002000)
readWord(addr=0x400e0a08)=0x1
readWord(addr=0x400e0c08)=0x1
writeWord(addr=0x20001024,value=0x20001001)
go(addr=0x20001020)
writeWord(addr=0x400e0a04,value=0x5a007001)
write(addr=0x20002100,size=0x100)
writeWord(addr=0x20001028,value=0x87100)
writeWord(addr=0x2000102c,value=0x20002100)
readWord(addr=0x400e0a08)=0x1
readWord(addr=0x400e0c08)=0x1
writeWord(addr=0x20001024,value=0x20001001)
go(addr=0x20001020)
writeWord(addr=0x400e0a04,value=0x5a007101)
write(addr=0x20002000,size=0x100)
writeWord(addr=0x20001028,value=0x87200)
writeWord(addr=0x2000102c,value=0x20002000)
readWord(addr=0x400e0a08)=0x1
readWord(addr=0x400e0c08)=0x1
writeWord(addr=0x20001024,value=0x20001001)
go(addr=0x20001020)
writeWord(addr=0x400e0a04,value=0x5a007201)
write(addr=0x20002100,size=0x100)
writeWord(addr=0x20001028,value=0x87300)
writeWord(addr=0x2000102c,value=0x20002100)
readWord(addr=0x400e0a08)=0x1
readWord(addr=0x400e0c08)=0x1
writeWord(addr=0x20001024,value=0x20001001)
go(addr=0x20001020)
writeWord(addr=0x400e0a04,value=0x5a007301)
write(addr=0x20002000,size=0x100)
writeWord(addr=0x20001028,value=0x87400)
writeWord(addr=0x2000102c,value=0x20002000)
readWord(addr=0x400e0a08)=0x1
readWord(addr=0x400e0c08)=0x1
writeWord(addr=0x20001024,value=0x20001001)
go(addr=0x20001020)
writeWord(addr=0x400e0a04,value=0x5a007401)
write(addr=0x20002100,size=0x100)
writeWord(addr=0x20001028,value=0x87500)
writeWord(addr=0x2000102c,value=0x20002100)
readWord(addr=0x400e0a08)=0x1
readWord(addr=0x400e0c08)=0x1
writeWord(addr=0x20001024,value=0x20001001)
go(addr=0x20001020)
writeWord(addr=0x400e0a04,value=0x5a007501)
write(addr=0x20002000,size=0x100)
writeWord(addr=0x20001028,value=0x87600)
writeWord(addr=0x2000102c,value=0x20002000)
readWord(addr=0x400e0a08)=0x1
readWord(addr=0x400e0c08)=0x1
writeWord(addr=0x20001024,value=0x20001001)
go(addr=0x20001020)
writeWord(addr=0x400e0a04,value=0x5a007601)
write(addr=0x20002100,size=0x100)
writeWord(addr=0x20001028,value=0x87700)
writeWord(addr=0x2000102c,value=0x20002100)
readWord(addr=0x400e0a08)=0x1
readWord(addr=0x400e0c08)=0x1
writeWord(addr=0x20001024,value=0x20001001)
go(addr=0x20001020)
writeWord(addr=0x400e0a04,value=0x5a007701)
write(addr=0x20002000,size=0x100)
writeWord(addr=0x20001028,value=0x87800)
writeWord(addr=0x2000102c,value=0x20002000)
readWord(addr=0x400e0a08)=0x1
readWord(addr=0x400e0c08)=0x1
writeWord(addr=0x20001024,value=0x20001001)
go(addr=0x20001020)
writeWord(addr=0x400e0a04,value=0x5a007801)
write(addr=0x20002100,size=0x100)
writeWord(addr=0x20001028,value=0x87900)
writeWord(addr=0x2000102c,value=0x20002100)
readWord(addr=0x400e0a08)=0x1
readWord(addr=0x400e0c08)=0x1
writeWord(addr=0x20001024,value=0x20001001)
go(addr=0x20001020)
writeWord(addr=0x400e0a04,value=0x5a007901)
write(addr=0x20002000,size=0x100)
writeWord(addr=0x20001028,value=0x87a00)
writeWord(addr=0x2000102c,value=0x20002000)
readWord(addr=0x400e0a08)=0x1
readWord(addr=0x400e0c08)=0x1
writeWord(addr=0x20001024,value=0x20001001)
go(addr=0x20001020)
writeWord(addr=0x400e0a04,value=0x5a007a01)
write(addr=0x20002100,size=0x100)
writeWord(addr=0x20001028,value=0x87b00)
writeWord(addr=0x2000102c,value=0x20002100)
readWord(addr=0x400e0a08)=0x1
readWord(addr=0x400e0c08)=0x1
writeWord(addr=0x20001024,value=0x20001001)
go(addr=0x20001020)
writeWord(addr=0x400e0a04,value=0x5a007b01)
write(addr=0x20002000,size=0x100)
writeWord(addr=0x20001028,value=0x87c00)
writeWord(addr=0x2000102c,value=0x20002000)
readWord(addr=0x400e0a08)=0x1
readWord(addr=0x400e0c08)=0x1
writeWord(addr=0x20001024,value=0x20001001)
go(addr=0x20001020)
writeWord(addr=0x400e0a04,value=0x5a007c01)
write(addr=0x20002100,size=0x100)
writeWord(addr=0x20001028,value=0x87d00)
writeWord(addr=0x2000102c,value=0x20002100)
readWord(addr=0x400e0a08)=0x1
readWord(addr=0x400e0c08)=0x1
writeWord(addr=0x20001024,value=0x20001001)
go(addr=0x20001020)
writeWord(addr=0x400e0a04,value=0x5a007d01)
[====================          ] 67% (126/186 pages)write(addr=0x20002000,size=0x100)
writeWord(addr=0x20001028,value=0x87e00)
writeWord(addr=0x2000102c,value=0x20002000)
readWord(addr=0x400e0a08)=0x1
readWord(addr=0x400e0c08)=0x1
writeWord(addr=0x20001024,value=0x20001001)
go(addr=0x20001020)
writeWord(addr=0x400e0a04,value=0x5a007e01)
write(addr=0x20002100,size=0x100)
writeWord(addr=0x20001028,value=0x87f00)
writeWord(addr=0x2000102c,value=0x20002100)
readWord(addr=0x400e0a08)=0x1
readWord(addr=0x400e0c08)=0x1
writeWord(addr=0x20001024,value=0x20001001)
go(addr=0x20001020)
writeWord(addr=0x400e0a04,value=0x5a007f01)
write(addr=0x20002000,size=0x100)
writeWord(addr=0x20001028,value=0x88000)
writeWord(addr=0x2000102c,value=0x20002000)
readWord(addr=0x400e0a08)=0x1
readWord(addr=0x400e0c08)=0x1
writeWord(addr=0x20001024,value=0x20001001)
go(addr=0x20001020)
writeWord(addr=0x400e0a04,value=0x5a008001)
write(addr=0x20002100,size=0x100)
writeWord(addr=0x20001028,value=0x88100)
writeWord(addr=0x2000102c,value=0x20002100)
readWord(addr=0x400e0a08)=0x1
readWord(addr=0x400e0c08)=0x1
writeWord(addr=0x20001024,value=0x20001001)
go(addr=0x20001020)
writeWord(addr=0x400e0a04,value=0x5a008101)
write(addr=0x20002000,size=0x100)
writeWord(addr=0x20001028,value=0x88200)
writeWord(addr=0x2000102c,value=0x20002000)
readWord(addr=0x400e0a08)=0x1
readWord(addr=0x400e0c08)=0x1
writeWord(addr=0x20001024,value=0x20001001)
go(addr=0x20001020)
writeWord(addr=0x400e0a04,value=0x5a008201)
write(addr=0x20002100,size=0x100)
writeWord(addr=0x20001028,value=0x88300)
writeWord(addr=0x2000102c,value=0x20002100)
readWord(addr=0x400e0a08)=0x1
readWord(addr=0x400e0c08)=0x1
writeWord(addr=0x20001024,value=0x20001001)
go(addr=0x20001020)
writeWord(addr=0x400e0a04,value=0x5a008301)
write(addr=0x20002000,size=0x100)
writeWord(addr=0x20001028,value=0x88400)
writeWord(addr=0x2000102c,value=0x20002000)
readWord(addr=0x400e0a08)=0x1
readWord(addr=0x400e0c08)=0x1
writeWord(addr=0x20001024,value=0x20001001)
go(addr=0x20001020)
writeWord(addr=0x400e0a04,value=0x5a008401)
write(addr=0x20002100,size=0x100)
writeWord(addr=0x20001028,value=0x88500)
writeWord(addr=0x2000102c,value=0x20002100)
readWord(addr=0x400e0a08)=0x1
readWord(addr=0x400e0c08)=0x1
writeWord(addr=0x20001024,value=0x20001001)
go(addr=0x20001020)
writeWord(addr=0x400e0a04,value=0x5a008501)
write(addr=0x20002000,size=0x100)
writeWord(addr=0x20001028,value=0x88600)
writeWord(addr=0x2000102c,value=0x20002000)
readWord(addr=0x400e0a08)=0x1
readWord(addr=0x400e0c08)=0x1
writeWord(addr=0x20001024,value=0x20001001)
go(addr=0x20001020)
writeWord(addr=0x400e0a04,value=0x5a008601)
write(addr=0x20002100,size=0x100)
writeWord(addr=0x20001028,value=0x88700)
writeWord(addr=0x2000102c,value=0x20002100)
readWord(addr=0x400e0a08)=0x1
readWord(addr=0x400e0c08)=0x1
writeWord(addr=0x20001024,value=0x20001001)
go(addr=0x20001020)
writeWord(addr=0x400e0a04,value=0x5a008701)
write(addr=0x20002000,size=0x100)
writeWord(addr=0x20001028,value=0x88800)
writeWord(addr=0x2000102c,value=0x20002000)
readWord(addr=0x400e0a08)=0x1
readWord(addr=0x400e0c08)=0x1
writeWord(addr=0x20001024,value=0x20001001)
go(addr=0x20001020)
writeWord(addr=0x400e0a04,value=0x5a008801)
write(addr=0x20002100,size=0x100)
writeWord(addr=0x20001028,value=0x88900)
writeWord(addr=0x2000102c,value=0x20002100)
readWord(addr=0x400e0a08)=0x1
readWord(addr=0x400e0c08)=0x1
writeWord(addr=0x20001024,value=0x20001001)
go(addr=0x20001020)
writeWord(addr=0x400e0a04,value=0x5a008901)
write(addr=0x20002000,size=0x100)
writeWord(addr=0x20001028,value=0x88a00)
writeWord(addr=0x2000102c,value=0x20002000)
readWord(addr=0x400e0a08)=0x1
readWord(addr=0x400e0c08)=0x1
writeWord(addr=0x20001024,value=0x20001001)
go(addr=0x20001020)
writeWord(addr=0x400e0a04,value=0x5a008a01)
write(addr=0x20002100,size=0x100)
writeWord(addr=0x20001028,value=0x88b00)
writeWord(addr=0x2000102c,value=0x20002100)
readWord(addr=0x400e0a08)=0x1
readWord(addr=0x400e0c08)=0x1
writeWord(addr=0x20001024,value=0x20001001)
go(addr=0x20001020)
writeWord(addr=0x400e0a04,value=0x5a008b01)
write(addr=0x20002000,size=0x100)
writeWord(addr=0x20001028,value=0x88c00)
writeWord(addr=0x2000102c,value=0x20002000)
readWord(addr=0x400e0a08)=0x1
readWord(addr=0x400e0c08)=0x1
writeWord(addr=0x20001024,value=0x20001001)
go(addr=0x20001020)
writeWord(addr=0x400e0a04,value=0x5a008c01)
write(addr=0x20002100,size=0x100)
writeWord(addr=0x20001028,value=0x88d00)
writeWord(addr=0x2000102c,value=0x20002100)
readWord(addr=0x400e0a08)=0x1
readWord(addr=0x400e0c08)=0x1
writeWord(addr=0x20001024,value=0x20001001)
go(addr=0x20001020)
writeWord(addr=0x400e0a04,value=0x5a008d01)
write(addr=0x20002000,size=0x100)
writeWord(addr=0x20001028,value=0x88e00)
writeWord(addr=0x2000102c,value=0x20002000)
readWord(addr=0x400e0a08)=0x1
readWord(addr=0x400e0c08)=0x1
writeWord(addr=0x20001024,value=0x20001001)
go(addr=0x20001020)
writeWord(addr=0x400e0a04,value=0x5a008e01)
write(addr=0x20002100,size=0x100)
writeWord(addr=0x20001028,value=0x88f00)
writeWord(addr=0x2000102c,value=0x20002100)
readWord(addr=0x400e0a08)=0x1
readWord(addr=0x400e0c08)=0x1
writeWord(addr=0x20001024,value=0x20001001)
go(addr=0x20001020)
writeWord(addr=0x400e0a04,value=0x5a008f01)
[=======================       ] 77% (144/186 pages)write(addr=0x20002000,size=0x100)
writeWord(addr=0x20001028,value=0x89000)
writeWord(addr=0x2000102c,value=0x20002000)
readWord(addr=0x400e0a08)=0x1
readWord(addr=0x400e0c08)=0x1
writeWord(addr=0x20001024,value=0x20001001)
go(addr=0x20001020)
writeWord(addr=0x400e0a04,value=0x5a009001)
write(addr=0x20002100,size=0x100)
writeWord(addr=0x20001028,value=0x89100)
writeWord(addr=0x2000102c,value=0x20002100)
readWord(addr=0x400e0a08)=0x1
readWord(addr=0x400e0c08)=0x1
writeWord(addr=0x20001024,value=0x20001001)
go(addr=0x20001020)
writeWord(addr=0x400e0a04,value=0x5a009101)
write(addr=0x20002000,size=0x100)
writeWord(addr=0x20001028,value=0x89200)
writeWord(addr=0x2000102c,value=0x20002000)
readWord(addr=0x400e0a08)=0x1
readWord(addr=0x400e0c08)=0x1
writeWord(addr=0x20001024,value=0x20001001)
go(addr=0x20001020)
writeWord(addr=0x400e0a04,value=0x5a009201)
write(addr=0x20002100,size=0x100)
writeWord(addr=0x20001028,value=0x89300)
writeWord(addr=0x2000102c,value=0x20002100)
readWord(addr=0x400e0a08)=0x1
readWord(addr=0x400e0c08)=0x1
writeWord(addr=0x20001024,value=0x20001001)
go(addr=0x20001020)
writeWord(addr=0x400e0a04,value=0x5a009301)
write(addr=0x20002000,size=0x100)
writeWord(addr=0x20001028,value=0x89400)
writeWord(addr=0x2000102c,value=0x20002000)
readWord(addr=0x400e0a08)=0x1
readWord(addr=0x400e0c08)=0x1
writeWord(addr=0x20001024,value=0x20001001)
go(addr=0x20001020)
writeWord(addr=0x400e0a04,value=0x5a009401)
write(addr=0x20002100,size=0x100)
writeWord(addr=0x20001028,value=0x89500)
writeWord(addr=0x2000102c,value=0x20002100)
readWord(addr=0x400e0a08)=0x1
readWord(addr=0x400e0c08)=0x1
writeWord(addr=0x20001024,value=0x20001001)
go(addr=0x20001020)
writeWord(addr=0x400e0a04,value=0x5a009501)
write(addr=0x20002000,size=0x100)
writeWord(addr=0x20001028,value=0x89600)
writeWord(addr=0x2000102c,value=0x20002000)
readWord(addr=0x400e0a08)=0x1
readWord(addr=0x400e0c08)=0x1
writeWord(addr=0x20001024,value=0x20001001)
go(addr=0x20001020)
writeWord(addr=0x400e0a04,value=0x5a009601)
write(addr=0x20002100,size=0x100)
writeWord(addr=0x20001028,value=0x89700)
writeWord(addr=0x2000102c,value=0x20002100)
readWord(addr=0x400e0a08)=0x1
readWord(addr=0x400e0c08)=0x1
writeWord(addr=0x20001024,value=0x20001001)
go(addr=0x20001020)
writeWord(addr=0x400e0a04,value=0x5a009701)
write(addr=0x20002000,size=0x100)
writeWord(addr=0x20001028,value=0x89800)
writeWord(addr=0x2000102c,value=0x20002000)
readWord(addr=0x400e0a08)=0x1
readWord(addr=0x400e0c08)=0x1
writeWord(addr=0x20001024,value=0x20001001)
go(addr=0x20001020)
writeWord(addr=0x400e0a04,value=0x5a009801)
write(addr=0x20002100,size=0x100)
writeWord(addr=0x20001028,value=0x89900)
writeWord(addr=0x2000102c,value=0x20002100)
readWord(addr=0x400e0a08)=0x1
readWord(addr=0x400e0c08)=0x1
writeWord(addr=0x20001024,value=0x20001001)
go(addr=0x20001020)
writeWord(addr=0x400e0a04,value=0x5a009901)
write(addr=0x20002000,size=0x100)
writeWord(addr=0x20001028,value=0x89a00)
writeWord(addr=0x2000102c,value=0x20002000)
readWord(addr=0x400e0a08)=0x1
readWord(addr=0x400e0c08)=0x1
writeWord(addr=0x20001024,value=0x20001001)
go(addr=0x20001020)
writeWord(addr=0x400e0a04,value=0x5a009a01)
write(addr=0x20002100,size=0x100)
writeWord(addr=0x20001028,value=0x89b00)
writeWord(addr=0x2000102c,value=0x20002100)
readWord(addr=0x400e0a08)=0x1
readWord(addr=0x400e0c08)=0x1
writeWord(addr=0x20001024,value=0x20001001)
go(addr=0x20001020)
writeWord(addr=0x400e0a04,value=0x5a009b01)
write(addr=0x20002000,size=0x100)
writeWord(addr=0x20001028,value=0x89c00)
writeWord(addr=0x2000102c,value=0x20002000)
readWord(addr=0x400e0a08)=0x1
readWord(addr=0x400e0c08)=0x1
writeWord(addr=0x20001024,value=0x20001001)
go(addr=0x20001020)
writeWord(addr=0x400e0a04,value=0x5a009c01)
write(addr=0x20002100,size=0x100)
writeWord(addr=0x20001028,value=0x89d00)
writeWord(addr=0x2000102c,value=0x20002100)
readWord(addr=0x400e0a08)=0x1
readWord(addr=0x400e0c08)=0x1
writeWord(addr=0x20001024,value=0x20001001)
go(addr=0x20001020)
writeWord(addr=0x400e0a04,value=0x5a009d01)
write(addr=0x20002000,size=0x100)
writeWord(addr=0x20001028,value=0x89e00)
writeWord(addr=0x2000102c,value=0x20002000)
readWord(addr=0x400e0a08)=0x1
readWord(addr=0x400e0c08)=0x1
writeWord(addr=0x20001024,value=0x20001001)
go(addr=0x20001020)
writeWord(addr=0x400e0a04,value=0x5a009e01)
write(addr=0x20002100,size=0x100)
writeWord(addr=0x20001028,value=0x89f00)
writeWord(addr=0x2000102c,value=0x20002100)
readWord(addr=0x400e0a08)=0x1
readWord(addr=0x400e0c08)=0x1
writeWord(addr=0x20001024,value=0x20001001)
go(addr=0x20001020)
writeWord(addr=0x400e0a04,value=0x5a009f01)
write(addr=0x20002000,size=0x100)
writeWord(addr=0x20001028,value=0x8a000)
writeWord(addr=0x2000102c,value=0x20002000)
readWord(addr=0x400e0a08)=0x1
readWord(addr=0x400e0c08)=0x1
writeWord(addr=0x20001024,value=0x20001001)
go(addr=0x20001020)
writeWord(addr=0x400e0a04,value=0x5a00a001)
write(addr=0x20002100,size=0x100)
writeWord(addr=0x20001028,value=0x8a100)
writeWord(addr=0x2000102c,value=0x20002100)
readWord(addr=0x400e0a08)=0x1
readWord(addr=0x400e0c08)=0x1
writeWord(addr=0x20001024,value=0x20001001)
go(addr=0x20001020)
writeWord(addr=0x400e0a04,value=0x5a00a101)
[==========================    ] 87% (162/186 pages)write(addr=0x20002000,size=0x100)
writeWord(addr=0x20001028,value=0x8a200)
writeWord(addr=0x2000102c,value=0x20002000)
readWord(addr=0x400e0a08)=0x1
readWord(addr=0x400e0c08)=0x1
writeWord(addr=0x20001024,value=0x20001001)
go(addr=0x20001020)
writeWord(addr=0x400e0a04,value=0x5a00a201)
write(addr=0x20002100,size=0x100)
writeWord(addr=0x20001028,value=0x8a300)
writeWord(addr=0x2000102c,value=0x20002100)
readWord(addr=0x400e0a08)=0x1
readWord(addr=0x400e0c08)=0x1
writeWord(addr=0x20001024,value=0x20001001)
go(addr=0x20001020)
writeWord(addr=0x400e0a04,value=0x5a00a301)
write(addr=0x20002000,size=0x100)
writeWord(addr=0x20001028,value=0x8a400)
writeWord(addr=0x2000102c,value=0x20002000)
readWord(addr=0x400e0a08)=0x1
readWord(addr=0x400e0c08)=0x1
writeWord(addr=0x20001024,value=0x20001001)
go(addr=0x20001020)
writeWord(addr=0x400e0a04,value=0x5a00a401)
write(addr=0x20002100,size=0x100)
writeWord(addr=0x20001028,value=0x8a500)
writeWord(addr=0x2000102c,value=0x20002100)
readWord(addr=0x400e0a08)=0x1
readWord(addr=0x400e0c08)=0x1
writeWord(addr=0x20001024,value=0x20001001)
go(addr=0x20001020)
writeWord(addr=0x400e0a04,value=0x5a00a501)
write(addr=0x20002000,size=0x100)
writeWord(addr=0x20001028,value=0x8a600)
writeWord(addr=0x2000102c,value=0x20002000)
readWord(addr=0x400e0a08)=0x1
readWord(addr=0x400e0c08)=0x1
writeWord(addr=0x20001024,value=0x20001001)
go(addr=0x20001020)
writeWord(addr=0x400e0a04,value=0x5a00a601)
write(addr=0x20002100,size=0x100)
writeWord(addr=0x20001028,value=0x8a700)
writeWord(addr=0x2000102c,value=0x20002100)
readWord(addr=0x400e0a08)=0x1
readWord(addr=0x400e0c08)=0x1
writeWord(addr=0x20001024,value=0x20001001)
go(addr=0x20001020)
writeWord(addr=0x400e0a04,value=0x5a00a701)
write(addr=0x20002000,size=0x100)
writeWord(addr=0x20001028,value=0x8a800)
writeWord(addr=0x2000102c,value=0x20002000)
readWord(addr=0x400e0a08)=0x1
readWord(addr=0x400e0c08)=0x1
writeWord(addr=0x20001024,value=0x20001001)
go(addr=0x20001020)
writeWord(addr=0x400e0a04,value=0x5a00a801)
write(addr=0x20002100,size=0x100)
writeWord(addr=0x20001028,value=0x8a900)
writeWord(addr=0x2000102c,value=0x20002100)
readWord(addr=0x400e0a08)=0x1
readWord(addr=0x400e0c08)=0x1
writeWord(addr=0x20001024,value=0x20001001)
go(addr=0x20001020)
writeWord(addr=0x400e0a04,value=0x5a00a901)
write(addr=0x20002000,size=0x100)
writeWord(addr=0x20001028,value=0x8aa00)
writeWord(addr=0x2000102c,value=0x20002000)
readWord(addr=0x400e0a08)=0x1
readWord(addr=0x400e0c08)=0x1
writeWord(addr=0x20001024,value=0x20001001)
go(addr=0x20001020)
writeWord(addr=0x400e0a04,value=0x5a00aa01)
write(addr=0x20002100,size=0x100)
writeWord(addr=0x20001028,value=0x8ab00)
writeWord(addr=0x2000102c,value=0x20002100)
readWord(addr=0x400e0a08)=0x1
readWord(addr=0x400e0c08)=0x1
writeWord(addr=0x20001024,value=0x20001001)
go(addr=0x20001020)
writeWord(addr=0x400e0a04,value=0x5a00ab01)
write(addr=0x20002000,size=0x100)
writeWord(addr=0x20001028,value=0x8ac00)
writeWord(addr=0x2000102c,value=0x20002000)
readWord(addr=0x400e0a08)=0x1
readWord(addr=0x400e0c08)=0x1
writeWord(addr=0x20001024,value=0x20001001)
go(addr=0x20001020)
writeWord(addr=0x400e0a04,value=0x5a00ac01)
write(addr=0x20002100,size=0x100)
writeWord(addr=0x20001028,value=0x8ad00)
writeWord(addr=0x2000102c,value=0x20002100)
readWord(addr=0x400e0a08)=0x1
readWord(addr=0x400e0c08)=0x1
writeWord(addr=0x20001024,value=0x20001001)
go(addr=0x20001020)
writeWord(addr=0x400e0a04,value=0x5a00ad01)
write(addr=0x20002000,size=0x100)
writeWord(addr=0x20001028,value=0x8ae00)
writeWord(addr=0x2000102c,value=0x20002000)
readWord(addr=0x400e0a08)=0x1
readWord(addr=0x400e0c08)=0x1
writeWord(addr=0x20001024,value=0x20001001)
go(addr=0x20001020)
writeWord(addr=0x400e0a04,value=0x5a00ae01)
write(addr=0x20002100,size=0x100)
writeWord(addr=0x20001028,value=0x8af00)
writeWord(addr=0x2000102c,value=0x20002100)
readWord(addr=0x400e0a08)=0x1
readWord(addr=0x400e0c08)=0x1
writeWord(addr=0x20001024,value=0x20001001)
go(addr=0x20001020)
writeWord(addr=0x400e0a04,value=0x5a00af01)
write(addr=0x20002000,size=0x100)
writeWord(addr=0x20001028,value=0x8b000)
writeWord(addr=0x2000102c,value=0x20002000)
readWord(addr=0x400e0a08)=0x1
readWord(addr=0x400e0c08)=0x1
writeWord(addr=0x20001024,value=0x20001001)
go(addr=0x20001020)
writeWord(addr=0x400e0a04,value=0x5a00b001)
write(addr=0x20002100,size=0x100)
writeWord(addr=0x20001028,value=0x8b100)
writeWord(addr=0x2000102c,value=0x20002100)
readWord(addr=0x400e0a08)=0x1
readWord(addr=0x400e0c08)=0x1
writeWord(addr=0x20001024,value=0x20001001)
go(addr=0x20001020)
writeWord(addr=0x400e0a04,value=0x5a00b101)
write(addr=0x20002000,size=0x100)
writeWord(addr=0x20001028,value=0x8b200)
writeWord(addr=0x2000102c,value=0x20002000)
readWord(addr=0x400e0a08)=0x1
readWord(addr=0x400e0c08)=0x1
writeWord(addr=0x20001024,value=0x20001001)
go(addr=0x20001020)
writeWord(addr=0x400e0a04,value=0x5a00b201)
write(addr=0x20002100,size=0x100)
writeWord(addr=0x20001028,value=0x8b300)
writeWord(addr=0x2000102c,value=0x20002100)
readWord(addr=0x400e0a08)=0x1
readWord(addr=0x400e0c08)=0x1
writeWord(addr=0x20001024,value=0x20001001)
go(addr=0x20001020)
writeWord(addr=0x400e0a04,value=0x5a00b301)
[============================= ] 96% (180/186 pages)write(addr=0x20002000,size=0x100)
writeWord(addr=0x20001028,value=0x8b400)
writeWord(addr=0x2000102c,value=0x20002000)
readWord(addr=0x400e0a08)=0x1
readWord(addr=0x400e0c08)=0x1
writeWord(addr=0x20001024,value=0x20001001)
go(addr=0x20001020)
writeWord(addr=0x400e0a04,value=0x5a00b401)
write(addr=0x20002100,size=0x100)
writeWord(addr=0x20001028,value=0x8b500)
writeWord(addr=0x2000102c,value=0x20002100)
readWord(addr=0x400e0a08)=0x1
readWord(addr=0x400e0c08)=0x1
writeWord(addr=0x20001024,value=0x20001001)
go(addr=0x20001020)
writeWord(addr=0x400e0a04,value=0x5a00b501)
write(addr=0x20002000,size=0x100)
writeWord(addr=0x20001028,value=0x8b600)
writeWord(addr=0x2000102c,value=0x20002000)
readWord(addr=0x400e0a08)=0x1
readWord(addr=0x400e0c08)=0x1
writeWord(addr=0x20001024,value=0x20001001)
go(addr=0x20001020)
writeWord(addr=0x400e0a04,value=0x5a00b601)
write(addr=0x20002100,size=0x100)
writeWord(addr=0x20001028,value=0x8b700)
writeWord(addr=0x2000102c,value=0x20002100)
readWord(addr=0x400e0a08)=0x1
readWord(addr=0x400e0c08)=0x1
writeWord(addr=0x20001024,value=0x20001001)
go(addr=0x20001020)
writeWord(addr=0x400e0a04,value=0x5a00b701)
write(addr=0x20002000,size=0x100)
writeWord(addr=0x20001028,value=0x8b800)
writeWord(addr=0x2000102c,value=0x20002000)
readWord(addr=0x400e0a08)=0x1
readWord(addr=0x400e0c08)=0x1
writeWord(addr=0x20001024,value=0x20001001)
go(addr=0x20001020)
writeWord(addr=0x400e0a04,value=0x5a00b801)
write(addr=0x20002100,size=0xd0)
writeWord(addr=0x20001028,value=0x8b900)
writeWord(addr=0x2000102c,value=0x20002100)
readWord(addr=0x400e0a08)=0x1
readWord(addr=0x400e0c08)=0x1
writeWord(addr=0x20001024,value=0x20001001)
go(addr=0x20001020)
writeWord(addr=0x400e0a04,value=0x5a00b901)
[==============================] 100% (186/186 pages)
done in 3.603 seconds
Set boot flash true
readWord(addr=0x400e0a08)=0x1
readWord(addr=0x400e0c08)=0x1
writeWord(addr=0x400e0a04,value=0x5a00010b)
readWord(addr=0x400e0a08)=0x1
readWord(addr=0x400e0c08)=0x1
CPU reset.
readWord(addr=0)=0x20088000
readWord(addr=0xe000ed00)=0x412fc230
readWord(addr=0x400e0740)=0
readWord(addr=0x400e0940)=0x285e0a60
writeWord(addr=0x400e1a00,value=0xa500000d)
